<?xml version="1.0" encoding="UTF-8"?>
<!-- Generated by org.testng.reporters.JUnitReportReporter -->
<testsuite skipped="0" hostname="G1C2ML15781" name="com.mindtree.test.SignUpTest" tests="1" failures="0" timestamp="26 Sep 2018 03:33:43 GMT" time="39.730" errors="0">
  <testcase name="signUpTest" time="39.730" classname="com.mindtree.test.SignUpTest"/>
</testsuite> <!-- com.mindtree.test.SignUpTest -->
