<?xml version="1.0" encoding="UTF-8"?>
<!-- Generated by org.testng.reporters.JUnitReportReporter -->
<testsuite skipped="0" hostname="G1C2ML14267" name="com.mindtree.test.DropDownTest" tests="1" failures="0" timestamp="03 Sep 2018 05:37:38 GMT" time="1.758" errors="0">
  <testcase name="f" time="1.758" classname="com.mindtree.test.DropDownTest"/>
</testsuite> <!-- com.mindtree.test.DropDownTest -->
