<?xml version="1.0" encoding="UTF-8"?>
<!-- Generated by org.testng.reporters.JUnitReportReporter -->
<testsuite skipped="0" hostname="G1C2ML14114" name="com.mindtree.test.NewTest" tests="2" failures="0" timestamp="04 Sep 2018 04:24:14 GMT" time="59.141" errors="0">
  <testcase name="f" time="40.722" classname="com.mindtree.test.NewTest"/>
  <testcase name="f" time="18.419" classname="com.mindtree.test.NewTest"/>
</testsuite> <!-- com.mindtree.test.NewTest -->
