<?xml version="1.0" encoding="UTF-8"?>
<!-- Generated by org.testng.reporters.JUnitReportReporter -->
<testsuite skipped="0" hostname="G1C2ML14267" name="com.mindtree.Mercury.Login_Test" tests="4" failures="0" timestamp="20 Aug 2018 16:28:36 GMT" time="12.414" errors="0">
  <testcase name="keywordAction" time="0.568" classname="com.mindtree.Mercury.Login_Test"/>
  <testcase name="keywordAction" time="5.985" classname="com.mindtree.Mercury.Login_Test"/>
  <testcase name="keywordAction" time="0.485" classname="com.mindtree.Mercury.Login_Test"/>
  <testcase name="keywordAction" time="5.376" classname="com.mindtree.Mercury.Login_Test"/>
</testsuite> <!-- com.mindtree.Mercury.Login_Test -->
