<?xml version="1.0" encoding="UTF-8"?>
<!-- Generated by org.testng.reporters.JUnitReportReporter -->
<testsuite skipped="0" hostname="G1C2ML14114" name="com.mindtree.test.NewTest111" tests="1" failures="0" timestamp="04 Sep 2018 04:37:09 GMT" time="12.227" errors="0">
  <testcase name="basic" time="12.227" classname="com.mindtree.test.NewTest111"/>
</testsuite> <!-- com.mindtree.test.NewTest111 -->
