<?xml version="1.0" encoding="UTF-8"?>
<!-- Generated by org.testng.reporters.JUnitReportReporter -->
<testsuite skipped="0" hostname="G1C2ML15781" name="com.mindtree.test.SendReport" tests="1" failures="0" timestamp="26 Sep 2018 04:34:58 GMT" time="5.020" errors="0">
  <testcase name="sendReport" time="5.020" classname="com.mindtree.test.SendReport"/>
</testsuite> <!-- com.mindtree.test.SendReport -->
