<?xml version="1.0" encoding="UTF-8"?>
<!-- Generated by org.testng.reporters.JUnitReportReporter -->
<testsuite skipped="0" hostname="G1C2ML15781" name="com.mindtree.test.SignInTest" tests="2" failures="0" timestamp="06 Sep 2018 05:29:03 GMT" time="44.442" errors="0">
  <testcase name="f" time="21.889" classname="com.mindtree.test.SignInTest"/>
  <testcase name="f" time="22.553" classname="com.mindtree.test.SignInTest"/>
</testsuite> <!-- com.mindtree.test.SignInTest -->
