<?xml version="1.0" encoding="UTF-8"?>
<!-- Generated by org.testng.reporters.JUnitReportReporter -->
<testsuite skipped="0" hostname="G1C2ML15781" name="com.mindtree.test.ExcelTest" tests="1" failures="0" timestamp="06 Sep 2018 04:22:37 GMT" time="0.693" errors="0">
  <testcase name="f" time="0.693" classname="com.mindtree.test.ExcelTest"/>
</testsuite> <!-- com.mindtree.test.ExcelTest -->
