<?xml version="1.0" encoding="UTF-8"?>
<!-- Generated by org.testng.reporters.JUnitReportReporter -->
<testsuite skipped="0" hostname="G1C2ML14267" name="com.mindtree.test.CarouselTest" tests="1" failures="0" timestamp="02 Sep 2018 12:15:31 GMT" time="8.824" errors="0">
  <testcase name="f" time="8.824" classname="com.mindtree.test.CarouselTest"/>
</testsuite> <!-- com.mindtree.test.CarouselTest -->
