<?xml version="1.0" encoding="UTF-8"?>
<!-- Generated by org.testng.reporters.JUnitReportReporter -->
<testsuite skipped="0" hostname="G1C2ML15781" name="com.mindtree.test.EndToEnd" tests="1" failures="0" timestamp="25 Sep 2018 09:24:47 GMT" time="55.673" errors="0">
  <testcase name="endToEndTest" time="55.673" classname="com.mindtree.test.EndToEnd"/>
</testsuite> <!-- com.mindtree.test.EndToEnd -->
