<?xml version="1.0" encoding="UTF-8"?>
<!-- Generated by org.testng.reporters.JUnitReportReporter -->
<testsuite skipped="0" hostname="G1C2ML15781" name="com.mindtree.test.AdminTest" tests="1" failures="0" timestamp="23 Sep 2018 17:51:20 GMT" time="23.953" errors="0">
  <testcase name="adminTest" time="23.953" classname="com.mindtree.test.AdminTest"/>
</testsuite> <!-- com.mindtree.test.AdminTest -->
